This is pdfTeX, Version 3.141592653-2.6-1.40.25 (MiKTeX 24.1) (preloaded format=pdflatex 2024.2.15)  24 JUN 2024 07:52
entering extended mode
 restricted \write18 enabled.
 %&-line parsing enabled.
**"C:/Users/Jake Truscott/Documents/GitHub/jaketruscott.github.io/_scotuswatch/
stat_pack_OT23/statpack_sections/filing_trends_statpack.tex"

(C:/Users/Jake Truscott/Documents/GitHub/jaketruscott.github.io/_scotuswatch/st
at_pack_OT23/statpack_sections/filing_trends_statpack.tex
LaTeX2e <2023-11-01> patch level 1
L3 programming layer <2024-01-04>
! Undefined control sequence.
l.1 \subsection
               {\centering Filing Trends (2023 and Previous Terms)} 
Here is how much of TeX's memory you used:
 19 strings out of 474485
 855 string characters out of 5739922
 1924542 words of memory out of 5000000
 22405 multiletter control sequences out of 15000+600000
 558069 words of font info for 36 fonts, out of 8000000 for 9000
 1141 hyphenation exceptions out of 8191
 12i,0n,13p,232b,8s stack positions out of 10000i,1000n,20000p,200000b,200000s

!  ==> Fatal error occurred, no output PDF file produced!
