This is pdfTeX, Version 3.141592653-2.6-1.40.27 (TeX Live 2025) (preloaded format=pdflatex 2025.5.2)  8 MAY 2025 15:25
entering extended mode
 restricted \write18 enabled.
 %&-line parsing enabled.
**preface_statpack_scotusblog.tex
(./preface_statpack_scotusblog.tex
LaTeX2e <2024-11-01> patch level 2
L3 programming layer <2025-04-14>
! Undefined control sequence.
l.2 \section
            {Preface}
The control sequence at the end of the top line
of your error message was never \def'ed. If you have
misspelled it (e.g., `\hobx'), type `I' and the correct
spelling (e.g., `I\hbox'). Otherwise just continue,
and I'll forget about whatever was undefined.


! LaTeX Error: Missing \begin{document}.

See the LaTeX manual or LaTeX Companion for explanation.
Type  H <return>  for immediate help.
 ...                                              
                                                  
l.2 \section{P
              reface}
You're in trouble here.  Try typing  <return>  to proceed.
If that doesn't work, type  X <return>  to quit.

Missing character: There is no P in font nullfont!
Missing character: There is no r in font nullfont!
Missing character: There is no e in font nullfont!
Missing character: There is no f in font nullfont!
Missing character: There is no a in font nullfont!
Missing character: There is no c in font nullfont!
Missing character: There is no e in font nullfont!

Overfull \hbox (20.0pt too wide) in paragraph at lines 2--3
[] 
 []

! Undefined control sequence.
l.4 \large
          
The control sequence at the end of the top line
of your error message was never \def'ed. If you have
misspelled it (e.g., `\hobx'), type `I' and the correct
spelling (e.g., `I\hbox'). Otherwise just continue,
and I'll forget about whatever was undefined.


! LaTeX Error: Missing \begin{document}.

See the LaTeX manual or LaTeX Companion for explanation.
Type  H <return>  for immediate help.
 ...                                              
                                                  
l.6 W
     ASHINGTON, DC. (July 1, 2025) - The following statement was released to...
You're in trouble here.  Try typing  <return>  to proceed.
If that doesn't work, type  X <return>  to quit.

Missing character: There is no W in font nullfont!
Missing character: There is no A in font nullfont!
Missing character: There is no S in font nullfont!
Missing character: There is no H in font nullfont!
Missing character: There is no I in font nullfont!
Missing character: There is no N in font nullfont!
Missing character: There is no G in font nullfont!
Missing character: There is no T in font nullfont!
Missing character: There is no O in font nullfont!
Missing character: There is no N in font nullfont!
Missing character: There is no , in font nullfont!
Missing character: There is no D in font nullfont!
Missing character: There is no C in font nullfont!
Missing character: There is no . in font nullfont!
Missing character: There is no ( in font nullfont!
Missing character: There is no J in font nullfont!
Missing character: There is no u in font nullfont!
Missing character: There is no l in font nullfont!
Missing character: There is no y in font nullfont!
Missing character: There is no 1 in font nullfont!
Missing character: There is no , in font nullfont!
Missing character: There is no 2 in font nullfont!
Missing character: There is no 0 in font nullfont!
Missing character: There is no 2 in font nullfont!
Missing character: There is no 5 in font nullfont!
Missing character: There is no ) in font nullfont!
Missing character: There is no - in font nullfont!
Missing character: There is no T in font nullfont!
Missing character: There is no h in font nullfont!
Missing character: There is no e in font nullfont!
Missing character: There is no f in font nullfont!
Missing character: There is no o in font nullfont!
Missing character: There is no l in font nullfont!
Missing character: There is no l in font nullfont!
Missing character: There is no o in font nullfont!
Missing character: There is no w in font nullfont!
Missing character: There is no i in font nullfont!
Missing character: There is no n in font nullfont!
Missing character: There is no g in font nullfont!
Missing character: There is no s in font nullfont!
Missing character: There is no t in font nullfont!
Missing character: There is no a in font nullfont!
Missing character: There is no t in font nullfont!
Missing character: There is no e in font nullfont!
Missing character: There is no m in font nullfont!
Missing character: There is no e in font nullfont!
Missing character: There is no n in font nullfont!
Missing character: There is no t in font nullfont!
Missing character: There is no w in font nullfont!
Missing character: There is no a in font nullfont!
Missing character: There is no s in font nullfont!
Missing character: There is no r in font nullfont!
Missing character: There is no e in font nullfont!
Missing character: There is no l in font nullfont!
Missing character: There is no e in font nullfont!
Missing character: There is no a in font nullfont!
Missing character: There is no s in font nullfont!
Missing character: There is no e in font nullfont!
Missing character: There is no d in font nullfont!
Missing character: There is no t in font nullfont!
Missing character: There is no o in font nullfont!
Missing character: There is no d in font nullfont!
Missing character: There is no a in font nullfont!
Missing character: There is no y in font nullfont!
Missing character: There is no b in font nullfont!
Missing character: There is no y in font nullfont!
Missing character: There is no S in font nullfont!
Missing character: There is no C in font nullfont!
Missing character: There is no O in font nullfont!
Missing character: There is no T in font nullfont!
Missing character: There is no U in font nullfont!
Missing character: There is no S in font nullfont!
Missing character: There is no B in font nullfont!
Missing character: There is no l in font nullfont!
Missing character: There is no o in font nullfont!
Missing character: There is no g in font nullfont!
Missing character: There is no , in font nullfont!
Missing character: There is no t in font nullfont!
Missing character: There is no h in font nullfont!
Missing character: There is no r in font nullfont!
Missing character: There is no o in font nullfont!
Missing character: There is no u in font nullfont!
Missing character: There is no g in font nullfont!
Missing character: There is no h in font nullfont!
Missing character: There is no t in font nullfont!
Missing character: There is no h in font nullfont!
Missing character: There is no e in font nullfont!
Missing character: There is no i in font nullfont!
Missing character: There is no r in font nullfont!
Missing character: There is no p in font nullfont!
Missing character: There is no e in font nullfont!
Missing character: There is no r in font nullfont!
Missing character: There is no s in font nullfont!
Missing character: There is no o in font nullfont!
Missing character: There is no n in font nullfont!
Missing character: There is no a in font nullfont!
Missing character: There is no l in font nullfont!
Missing character: There is no a in font nullfont!
Missing character: There is no t in font nullfont!
Missing character: There is no t in font nullfont!
Missing character: There is no o in font nullfont!
Missing character: There is no r in font nullfont!
Missing character: There is no n in font nullfont!
Missing character: There is no e in font nullfont!
Missing character: There is no y in font nullfont!
Missing character: There is no a in font nullfont!
Missing character: There is no n in font nullfont!
Missing character: There is no d in font nullfont!
Missing character: There is no b in font nullfont!
Missing character: There is no u in font nullfont!
Missing character: There is no s in font nullfont!
Missing character: There is no i in font nullfont!
Missing character: There is no n in font nullfont!
Missing character: There is no e in font nullfont!
Missing character: There is no s in font nullfont!
Missing character: There is no s in font nullfont!
Missing character: There is no m in font nullfont!
Missing character: There is no a in font nullfont!
Missing character: There is no n in font nullfont!
Missing character: There is no a in font nullfont!
Missing character: There is no g in font nullfont!
Missing character: There is no e in font nullfont!
Missing character: There is no r in font nullfont!
Missing character: There is no D in font nullfont!
Missing character: There is no a in font nullfont!
Missing character: There is no v in font nullfont!
Missing character: There is no i in font nullfont!
Missing character: There is no d in font nullfont!
Missing character: There is no B in font nullfont!
Missing character: There is no . in font nullfont!
Missing character: There is no F in font nullfont!
Missing character: There is no a in font nullfont!
Missing character: There is no l in font nullfont!
Missing character: There is no k in font nullfont!
Missing character: There is no , in font nullfont!
Missing character: There is no C in font nullfont!
Missing character: There is no h in font nullfont!
Missing character: There is no a in font nullfont!
Missing character: There is no i in font nullfont!
Missing character: There is no r in font nullfont!
Missing character: There is no m in font nullfont!
Missing character: There is no a in font nullfont!
Missing character: There is no n in font nullfont!
Missing character: There is no o in font nullfont!
Missing character: There is no f in font nullfont!
Missing character: There is no F in font nullfont!
Missing character: There is no a in font nullfont!
Missing character: There is no l in font nullfont!
Missing character: There is no k in font nullfont!
Missing character: There is no A in font nullfont!
Missing character: There is no s in font nullfont!
Missing character: There is no s in font nullfont!
Missing character: There is no o in font nullfont!
Missing character: There is no c in font nullfont!
Missing character: There is no i in font nullfont!
Missing character: There is no a in font nullfont!
Missing character: There is no t in font nullfont!
Missing character: There is no e in font nullfont!
Missing character: There is no s in font nullfont!
Missing character: There is no M in font nullfont!
Missing character: There is no a in font nullfont!
Missing character: There is no n in font nullfont!
Missing character: There is no a in font nullfont!
Missing character: There is no g in font nullfont!
Missing character: There is no e in font nullfont!
Missing character: There is no m in font nullfont!
Missing character: There is no e in font nullfont!
Missing character: There is no n in font nullfont!
Missing character: There is no t in font nullfont!
Missing character: There is no E in font nullfont!
Missing character: There is no n in font nullfont!
Missing character: There is no t in font nullfont!
Missing character: There is no e in font nullfont!
Missing character: There is no r in font nullfont!
Missing character: There is no p in font nullfont!
Missing character: There is no r in font nullfont!
Missing character: There is no i in font nullfont!
Missing character: There is no s in font nullfont!
Missing character: There is no e in font nullfont!
Missing character: There is no s in font nullfont!
Missing character: There is no , in font nullfont!
Missing character: There is no I in font nullfont!
Missing character: There is no n in font nullfont!
Missing character: There is no c in font nullfont!
Missing character: There is no . in font nullfont!
Missing character: There is no ( in font nullfont!
Missing character: There is no ` in font nullfont!
Missing character: There is no ` in font nullfont!
Missing character: There is no F in font nullfont!
Missing character: There is no A in font nullfont!
Missing character: There is no M in font nullfont!
Missing character: There is no E in font nullfont!
Missing character: There is no ' in font nullfont!
Missing character: There is no ' in font nullfont!
Missing character: There is no ) in font nullfont!
Missing character: There is no l in font nullfont!
Missing character: There is no o in font nullfont!
Missing character: There is no c in font nullfont!
Missing character: There is no a in font nullfont!
Missing character: There is no t in font nullfont!
Missing character: There is no e in font nullfont!
Missing character: There is no d in font nullfont!
Missing character: There is no i in font nullfont!
Missing character: There is no n in font nullfont!
Missing character: There is no W in font nullfont!
Missing character: There is no a in font nullfont!
Missing character: There is no s in font nullfont!
Missing character: There is no h in font nullfont!
Missing character: There is no i in font nullfont!
Missing character: There is no n in font nullfont!
Missing character: There is no g in font nullfont!
Missing character: There is no t in font nullfont!
Missing character: There is no o in font nullfont!
Missing character: There is no n in font nullfont!
Missing character: There is no , in font nullfont!
Missing character: There is no D in font nullfont!
Missing character: There is no . in font nullfont!
Missing character: There is no C in font nullfont!
Missing character: There is no . in font nullfont!
Missing character: There is no , in font nullfont!
Missing character: There is no i in font nullfont!
Missing character: There is no n in font nullfont!
Missing character: There is no r in font nullfont!
Missing character: There is no e in font nullfont!
Missing character: There is no s in font nullfont!
Missing character: There is no p in font nullfont!
Missing character: There is no o in font nullfont!
Missing character: There is no n in font nullfont!
Missing character: There is no s in font nullfont!
Missing character: There is no e in font nullfont!
Missing character: There is no t in font nullfont!
Missing character: There is no o in font nullfont!
Missing character: There is no q in font nullfont!
Missing character: There is no u in font nullfont!
Missing character: There is no e in font nullfont!
Missing character: There is no s in font nullfont!
Missing character: There is no t in font nullfont!
Missing character: There is no i in font nullfont!
Missing character: There is no o in font nullfont!
Missing character: There is no n in font nullfont!
Missing character: There is no s in font nullfont!
Missing character: There is no a in font nullfont!
Missing character: There is no b in font nullfont!
Missing character: There is no o in font nullfont!
Missing character: There is no u in font nullfont!
Missing character: There is no t in font nullfont!
Missing character: There is no t in font nullfont!
Missing character: There is no h in font nullfont!
Missing character: There is no e in font nullfont!
Missing character: There is no f in font nullfont!
Missing character: There is no u in font nullfont!
Missing character: There is no t in font nullfont!
Missing character: There is no u in font nullfont!
Missing character: There is no r in font nullfont!
Missing character: There is no e in font nullfont!
Missing character: There is no o in font nullfont!
Missing character: There is no f in font nullfont!
Missing character: There is no t in font nullfont!
Missing character: There is no h in font nullfont!
Missing character: There is no e in font nullfont!
Missing character: There is no S in font nullfont!
Missing character: There is no t in font nullfont!
Missing character: There is no a in font nullfont!
Missing character: There is no t in font nullfont!
Missing character: There is no p in font nullfont!
Missing character: There is no a in font nullfont!
Missing character: There is no c in font nullfont!
Missing character: There is no k in font nullfont!
Missing character: There is no . in font nullfont!

Overfull \hbox (20.0pt too wide) in paragraph at lines 6--7
[]
 []


! LaTeX Error: Missing \begin{document}.

See the LaTeX manual or LaTeX Companion for explanation.
Type  H <return>  for immediate help.
 ...                                              
                                                  
l.10 \begin{center}
                   
You're in trouble here.  Try typing  <return>  to proceed.
If that doesn't work, type  X <return>  to quit.


Overfull \hbox (20.0pt too wide) in paragraph at lines 10--10
[] 
 []

Missing character: There is no ` in font nullfont!
Missing character: There is no ` in font nullfont!
Missing character: There is no I in font nullfont!
Missing character: There is no t in font nullfont!
Missing character: There is no ' in font nullfont!
Missing character: There is no s in font nullfont!
Missing character: There is no b in font nullfont!
Missing character: There is no a in font nullfont!
Missing character: There is no c in font nullfont!
Missing character: There is no k in font nullfont!
Missing character: There is no ' in font nullfont!
Missing character: There is no ' in font nullfont!

Overfull \hbox (20.0pt too wide) in paragraph at lines 16--16
[] 
 []

Missing character: There is no - in font nullfont!
Missing character: There is no A in font nullfont!
Missing character: There is no d in font nullfont!
Missing character: There is no a in font nullfont!
Missing character: There is no m in font nullfont!
Missing character: There is no F in font nullfont!
Missing character: There is no e in font nullfont!
Missing character: There is no l in font nullfont!
Missing character: There is no d in font nullfont!
Missing character: There is no m in font nullfont!
Missing character: There is no a in font nullfont!
Missing character: There is no n in font nullfont!
Missing character: There is no ( in font nullfont!
Missing character: There is no J in font nullfont!
Missing character: There is no . in font nullfont!
Missing character: There is no D in font nullfont!
Missing character: There is no . in font nullfont!
Missing character: There is no , in font nullfont!
Missing character: There is no P in font nullfont!
Missing character: There is no h in font nullfont!
Missing character: There is no . in font nullfont!
Missing character: There is no D in font nullfont!
Missing character: There is no . in font nullfont!
Missing character: There is no ) in font nullfont!
LaTeX Font Info:    External font `cmex10' loaded for size
(Font)              <7> on input line 17.
LaTeX Font Info:    External font `cmex10' loaded for size
(Font)              <5> on input line 17.
! Undefined control sequence.
\@footnotetext ...tins {\reset@font \footnotesize 
                                                  \interlinepenalty \interfo...
l.17 ...optimizedlegal/}{\emph{Optimized Legal}}.}
                                                  \\
The control sequence at the end of the top line
of your error message was never \def'ed. If you have
misspelled it (e.g., `\hobx'), type `I' and the correct
spelling (e.g., `I\hbox'). Otherwise just continue,
and I'll forget about whatever was undefined.

! Undefined control sequence.
\@footnotetext ...}\color@begingroup \@makefntext 
                                                  {\rule \z@ \footnotesep \i...
l.17 ...optimizedlegal/}{\emph{Optimized Legal}}.}
                                                  \\
The control sequence at the end of the top line
of your error message was never \def'ed. If you have
misspelled it (e.g., `\hobx'), type `I' and the correct
spelling (e.g., `I\hbox'). Otherwise just continue,
and I'll forget about whatever was undefined.

! Undefined control sequence.
<argument> ...es as chief proprietor of the \href 
                                                  {https://empiricalscotus.c...
l.17 ...optimizedlegal/}{\emph{Optimized Legal}}.}
                                                  \\
The control sequence at the end of the top line
of your error message was never \def'ed. If you have
misspelled it (e.g., `\hobx'), type `I' and the correct
spelling (e.g., `I\hbox'). Otherwise just continue,
and I'll forget about whatever was undefined.

! Undefined control sequence.
<argument> ...EmpiricalSCOTUS} blog and the \href 
                                                  {https://legalytics.substa...
l.17 ...optimizedlegal/}{\emph{Optimized Legal}}.}
                                                  \\
The control sequence at the end of the top line
of your error message was never \def'ed. If you have
misspelled it (e.g., `\hobx'), type `I' and the correct
spelling (e.g., `I\hbox'). Otherwise just continue,
and I'll forget about whatever was undefined.

! Undefined control sequence.
<argument> ...he legal data consulting firm \href 
                                                  {https://empiricalscotus.c...
l.17 ...optimizedlegal/}{\emph{Optimized Legal}}.}
                                                  \\
The control sequence at the end of the top line
of your error message was never \def'ed. If you have
misspelled it (e.g., `\hobx'), type `I' and the correct
spelling (e.g., `I\hbox'). Otherwise just continue,
and I'll forget about whatever was undefined.


Overfull \hbox (26.38896pt too wide) in paragraph at lines 17--17
[][]\OT1/cmr/m/n/10 Adam
 []


Overfull \hbox (21.80559pt too wide) in paragraph at lines 17--17
\OT1/cmr/m/n/10 Feld-
 []


Overfull \hbox (18.88895pt too wide) in paragraph at lines 17--17
\OT1/cmr/m/n/10 man
 []


Overfull \hbox (25.69446pt too wide) in paragraph at lines 17--17
\OT1/cmr/m/n/10 serves
 []


Overfull \hbox (8.94446pt too wide) in paragraph at lines 17--17
\OT1/cmr/m/n/10 as
 []


Overfull \hbox (20.00003pt too wide) in paragraph at lines 17--17
\OT1/cmr/m/n/10 chief
 []


Overfull \hbox (17.80559pt too wide) in paragraph at lines 17--17
\OT1/cmr/m/n/10 pro-
 []


Overfull \hbox (15.58336pt too wide) in paragraph at lines 17--17
\OT1/cmr/m/n/10 pri-
 []


Overfull \hbox (17.25003pt too wide) in paragraph at lines 17--17
\OT1/cmr/m/n/10 etor
 []


Overfull \hbox (8.05559pt too wide) in paragraph at lines 17--17
\OT1/cmr/m/n/10 of
 []


Overfull \hbox (13.88892pt too wide) in paragraph at lines 17--17
\OT1/cmr/m/n/10 the
 []


Overfull \hbox (210.91713pt too wide) in paragraph at lines 17--17
\OT1/cmr/m/n/10 https://empiricalscotus.com/EmpiricalSCOTUS
 []


Overfull \hbox (18.33339pt too wide) in paragraph at lines 17--17
\OT1/cmr/m/n/10 blog
 []


Overfull \hbox (16.11116pt too wide) in paragraph at lines 17--17
\OT1/cmr/m/n/10 and
 []


Overfull \hbox (13.88892pt too wide) in paragraph at lines 17--17
\OT1/cmr/m/n/10 the
 []


Overfull \hbox (185.1393pt too wide) in paragraph at lines 17--17
\OT1/cmr/m/n/10 https://legalytics.substack.com/Legalytics
 []


Overfull \hbox (20.00005pt too wide) in paragraph at lines 17--17
\OT1/cmr/m/n/10 Sub-
 []


Overfull \hbox (25.0556pt too wide) in paragraph at lines 17--17
\OT1/cmr/m/n/10 stack.
 []


Overfull \hbox (11.94446pt too wide) in paragraph at lines 17--17
\OT1/cmr/m/n/10 He
 []


Overfull \hbox (6.72223pt too wide) in paragraph at lines 17--17
\OT1/cmr/m/n/10 is
 []


Overfull \hbox (16.72226pt too wide) in paragraph at lines 17--17
\OT1/cmr/m/n/10 also
 []


Overfull \hbox (13.88892pt too wide) in paragraph at lines 17--17
\OT1/cmr/m/n/10 the
 []


Overfull \hbox (21.13893pt too wide) in paragraph at lines 17--17
\OT1/cmr/m/n/10 prin-
 []


Overfull \hbox (10.55556pt too wide) in paragraph at lines 17--17
\OT1/cmr/m/n/10 ci-
 []


Overfull \hbox (13.33337pt too wide) in paragraph at lines 17--17
\OT1/cmr/m/n/10 pal
 []


Overfull \hbox (11.97226pt too wide) in paragraph at lines 17--17
\OT1/cmr/m/n/10 for
 []


Overfull \hbox (13.88892pt too wide) in paragraph at lines 17--17
\OT1/cmr/m/n/10 the
 []


Overfull \hbox (10.55556pt too wide) in paragraph at lines 17--17
\OT1/cmr/m/n/10 le-
 []


Overfull \hbox (12.77782pt too wide) in paragraph at lines 17--17
\OT1/cmr/m/n/10 gal
 []


Overfull \hbox (19.4445pt too wide) in paragraph at lines 17--17
\OT1/cmr/m/n/10 data
 []


Overfull \hbox (18.33336pt too wide) in paragraph at lines 17--17
\OT1/cmr/m/n/10 con-
 []


Overfull \hbox (19.50003pt too wide) in paragraph at lines 17--17
\OT1/cmr/m/n/10 sult-
 []


Overfull \hbox (13.33337pt too wide) in paragraph at lines 17--17
\OT1/cmr/m/n/10 ing
 []


Overfull \hbox (17.8056pt too wide) in paragraph at lines 17--17
\OT1/cmr/m/n/10 firm
 []


Overfull \hbox (239.17238pt too wide) in paragraph at lines 17--17
\OT1/cmr/m/n/10 https://empiricalscotus.com/optimizedlegal/\OT1/cmr/m/it/10 Optimized
 []


Overfull \hbox (13.93875pt too wide) in paragraph at lines 17--17
\OT1/cmr/m/it/10 Le-
 []


Overfull \hbox (16.07771pt too wide) in paragraph at lines 17--17
\OT1/cmr/m/it/10 gal\OT1/cmr/m/n/10 .| 
 []


Overfull \hbox (4.48613pt too wide) in paragraph at lines 17--17
 []
 []

Missing character: There is no - in font nullfont!
Missing character: There is no J in font nullfont!
Missing character: There is no a in font nullfont!
Missing character: There is no k in font nullfont!
Missing character: There is no e in font nullfont!
Missing character: There is no S in font nullfont!
Missing character: There is no . in font nullfont!
Missing character: There is no T in font nullfont!
Missing character: There is no r in font nullfont!
Missing character: There is no u in font nullfont!
Missing character: There is no s in font nullfont!
Missing character: There is no c in font nullfont!
Missing character: There is no o in font nullfont!
Missing character: There is no t in font nullfont!
Missing character: There is no t in font nullfont!
Missing character: There is no ( in font nullfont!
Missing character: There is no P in font nullfont!
Missing character: There is no h in font nullfont!
Missing character: There is no . in font nullfont!
Missing character: There is no D in font nullfont!
Missing character: There is no . in font nullfont!
Missing character: There is no ) in font nullfont!
! Undefined control sequence.
\@footnotetext ...tins {\reset@font \footnotesize 
                                                  \interlinepenalty \interfo...
l.18 ...cal Science at the University of Florida.}
                                                  
The control sequence at the end of the top line
of your error message was never \def'ed. If you have
misspelled it (e.g., `\hobx'), type `I' and the correct
spelling (e.g., `I\hbox'). Otherwise just continue,
and I'll forget about whatever was undefined.

! Undefined control sequence.
\@footnotetext ...}\color@begingroup \@makefntext 
                                                  {\rule \z@ \footnotesep \i...
l.18 ...cal Science at the University of Florida.}
                                                  
The control sequence at the end of the top line
of your error message was never \def'ed. If you have
misspelled it (e.g., `\hobx'), type `I' and the correct
spelling (e.g., `I\hbox'). Otherwise just continue,
and I'll forget about whatever was undefined.


Overfull \hbox (19.58337pt too wide) in paragraph at lines 18--18
[][]\OT1/cmr/m/n/10 Jake
 []


Overfull \hbox (8.33336pt too wide) in paragraph at lines 18--18
\OT1/cmr/m/n/10 S.
 []


Overfull \hbox (13.63889pt too wide) in paragraph at lines 18--18
\OT1/cmr/m/n/10 Tr-
 []


Overfull \hbox (26.72227pt too wide) in paragraph at lines 18--18
\OT1/cmr/m/n/10 uscott
 []


Overfull \hbox (6.72223pt too wide) in paragraph at lines 18--18
\OT1/cmr/m/n/10 is
 []


Overfull \hbox (10.55559pt too wide) in paragraph at lines 18--18
\OT1/cmr/m/n/10 an
 []


Overfull \hbox (14.77779pt too wide) in paragraph at lines 18--18
\OT1/cmr/m/n/10 As-
 []


Overfull \hbox (14.0pt too wide) in paragraph at lines 18--18
\OT1/cmr/m/n/10 sis-
 []


Overfull \hbox (18.0556pt too wide) in paragraph at lines 18--18
\OT1/cmr/m/n/10 tant
 []


Overfull \hbox (19.05559pt too wide) in paragraph at lines 18--18
\OT1/cmr/m/n/10 Pro-
 []


Overfull \hbox (14.77779pt too wide) in paragraph at lines 18--18
\OT1/cmr/m/n/10 fes-
 []


Overfull \hbox (12.86113pt too wide) in paragraph at lines 18--18
\OT1/cmr/m/n/10 sor
 []


Overfull \hbox (8.05559pt too wide) in paragraph at lines 18--18
\OT1/cmr/m/n/10 of
 []


Overfull \hbox (14.86113pt too wide) in paragraph at lines 18--18
\OT1/cmr/m/n/10 Po-
 []


Overfull \hbox (12.7778pt too wide) in paragraph at lines 18--18
\OT1/cmr/m/n/10 lit-
 []


Overfull \hbox (6.11111pt too wide) in paragraph at lines 18--18
\OT1/cmr/m/n/10 i-
 []


Overfull \hbox (12.22224pt too wide) in paragraph at lines 18--18
\OT1/cmr/m/n/10 cal
 []


Overfull \hbox (16.11113pt too wide) in paragraph at lines 18--18
\OT1/cmr/m/n/10 Sci-
 []


Overfull \hbox (18.8889pt too wide) in paragraph at lines 18--18
\OT1/cmr/m/n/10 ence
 []


Overfull \hbox (8.88892pt too wide) in paragraph at lines 18--18
\OT1/cmr/m/n/10 at
 []


Overfull \hbox (13.88892pt too wide) in paragraph at lines 18--18
\OT1/cmr/m/n/10 the
 []


Overfull \hbox (19.1667pt too wide) in paragraph at lines 18--18
\OT1/cmr/m/n/10 Uni-
 []


Overfull \hbox (16.69446pt too wide) in paragraph at lines 18--18
\OT1/cmr/m/n/10 ver-
 []


Overfull \hbox (15.61115pt too wide) in paragraph at lines 18--18
\OT1/cmr/m/n/10 sity
 []


Overfull \hbox (8.05559pt too wide) in paragraph at lines 18--18
\OT1/cmr/m/n/10 of
 []


Overfull \hbox (34.33344pt too wide) in paragraph at lines 18--18
\OT1/cmr/m/n/10 Florida.| 
 []


Overfull \hbox (4.48613pt too wide) in paragraph at lines 18--19
 []
 []

)
! Emergency stop.
<*> preface_statpack_scotusblog.tex
                                   
*** (job aborted, no legal \end found)

 
Here is how much of TeX's memory you used:
 25 strings out of 471546
 606 string characters out of 5517256
 426186 words of memory out of 5000000
 26709 multiletter control sequences out of 15000+600000
 627171 words of font info for 41 fonts, out of 8000000 for 9000
 36 hyphenation exceptions out of 8191
 24i,5n,22p,418b,193s stack positions out of 10000i,1000n,20000p,200000b,200000s
!  ==> Fatal error occurred, no output PDF file produced!
